  main.cpp
  Player.cpp
d:\projekty visual studio 2015\platformer 2d\platformer 2d\player.cpp(429): warning C4101: 'je': unreferenced local variable
d:\projekty visual studio 2015\platformer 2d\platformer 2d\player.cpp(502): warning C4244: 'argument': conversion from 'int' to 'float', possible loss of data
d:\projekty visual studio 2015\platformer 2d\platformer 2d\player.cpp(506): warning C4244: 'argument': conversion from 'int' to 'float', possible loss of data
d:\projekty visual studio 2015\platformer 2d\platformer 2d\player.cpp(510): warning C4244: 'argument': conversion from 'int' to 'float', possible loss of data
d:\projekty visual studio 2015\platformer 2d\platformer 2d\player.cpp(514): warning C4244: 'argument': conversion from 'int' to 'float', possible loss of data
d:\projekty visual studio 2015\platformer 2d\platformer 2d\player.cpp(518): warning C4244: 'argument': conversion from 'int' to 'float', possible loss of data
  Menu.cpp
d:\projekty visual studio 2015\platformer 2d\platformer 2d\menu.cpp(59): warning C4244: 'argument': conversion from 'int' to 'float', possible loss of data
d:\projekty visual studio 2015\platformer 2d\platformer 2d\menu.cpp(73): warning C4996: 'sf::Text::setColor': was declared deprecated
  d:\projekty visual studio 2015\external libraries\sfml\include\sfml\graphics\text.hpp(210): note: see declaration of 'sf::Text::setColor'
d:\projekty visual studio 2015\platformer 2d\platformer 2d\menu.cpp(81): warning C4996: 'sf::Text::setColor': was declared deprecated
  d:\projekty visual studio 2015\external libraries\sfml\include\sfml\graphics\text.hpp(210): note: see declaration of 'sf::Text::setColor'
d:\projekty visual studio 2015\platformer 2d\platformer 2d\menu.cpp(85): warning C4996: 'sf::Text::setColor': was declared deprecated
  d:\projekty visual studio 2015\external libraries\sfml\include\sfml\graphics\text.hpp(210): note: see declaration of 'sf::Text::setColor'
d:\projekty visual studio 2015\platformer 2d\platformer 2d\menu.cpp(92): warning C4996: 'sf::Text::setColor': was declared deprecated
  d:\projekty visual studio 2015\external libraries\sfml\include\sfml\graphics\text.hpp(210): note: see declaration of 'sf::Text::setColor'
d:\projekty visual studio 2015\platformer 2d\platformer 2d\menu.cpp(98): warning C4996: 'sf::Text::setColor': was declared deprecated
  d:\projekty visual studio 2015\external libraries\sfml\include\sfml\graphics\text.hpp(210): note: see declaration of 'sf::Text::setColor'
d:\projekty visual studio 2015\platformer 2d\platformer 2d\menu.cpp(105): warning C4996: 'sf::Text::setColor': was declared deprecated
  d:\projekty visual studio 2015\external libraries\sfml\include\sfml\graphics\text.hpp(210): note: see declaration of 'sf::Text::setColor'
d:\projekty visual studio 2015\platformer 2d\platformer 2d\menu.cpp(109): warning C4996: 'sf::Text::setColor': was declared deprecated
  d:\projekty visual studio 2015\external libraries\sfml\include\sfml\graphics\text.hpp(210): note: see declaration of 'sf::Text::setColor'
d:\projekty visual studio 2015\platformer 2d\platformer 2d\menu.cpp(115): warning C4996: 'sf::Text::setColor': was declared deprecated
  d:\projekty visual studio 2015\external libraries\sfml\include\sfml\graphics\text.hpp(210): note: see declaration of 'sf::Text::setColor'
  Map.cpp
d:\projekty visual studio 2015\platformer 2d\platformer 2d\map.cpp(66): warning C4244: 'argument': conversion from 'double' to 'float', possible loss of data
d:\projekty visual studio 2015\platformer 2d\platformer 2d\map.cpp(71): warning C4244: 'argument': conversion from 'double' to 'float', possible loss of data
  Enemy.cpp
d:\projekty visual studio 2015\platformer 2d\platformer 2d\enemy.cpp(23): warning C4244: 'argument': conversion from 'double' to 'float', possible loss of data
d:\projekty visual studio 2015\platformer 2d\platformer 2d\enemy.cpp(62): warning C4244: 'argument': conversion from 'double' to 'float', possible loss of data
d:\projekty visual studio 2015\platformer 2d\platformer 2d\enemy.cpp(117): warning C4244: 'argument': conversion from 'int' to 'float', possible loss of data
d:\projekty visual studio 2015\platformer 2d\platformer 2d\enemy.cpp(121): warning C4244: 'argument': conversion from 'int' to 'float', possible loss of data
d:\projekty visual studio 2015\platformer 2d\platformer 2d\enemy.cpp(125): warning C4244: 'argument': conversion from 'int' to 'float', possible loss of data
  Generating Code...
  Platformer 2D.vcxproj -> D:\Projekty Visual Studio 2015\Platformer 2D\Debug\Platformer 2D.exe
  Platformer 2D.vcxproj -> D:\Projekty Visual Studio 2015\Platformer 2D\Debug\Platformer 2D.pdb (Full PDB)
